<?xml version="1.0" encoding="UTF-8"?>
<!-- Generated by org.testng.reporters.JUnitXMLReporter -->
<testsuite ignored="0" hostname="LAPTOP-ENMHPA16" failures="0" tests="9" name="Default test" time="14.027" errors="0" timestamp="30 Apr 2024 04:03:55 GMT">
  <testcase classname="com.Swagger_Document.Sample" name="Login" time="3.28"/>
  <testcase classname="com.Swagger_Document.Sample" name="StateList" time="1.105"/>
  <testcase classname="com.Swagger_Document.Sample" name="CityList" time="1.613"/>
  <testcase classname="com.Swagger_Document.Sample" name="AddAddress" time="1.443"/>
  <testcase classname="com.Swagger_Document.Sample" name="updateAddress" time="1.057"/>
  <testcase classname="com.Swagger_Document.Sample" name="deleteAddress" time="1.172"/>
  <testcase classname="com.Swagger_Document.Sample" name="changeProfilePhoto" time="1.651"/>
  <testcase classname="com.Swagger_Document.Sample" name="serachProduct" time="1.31"/>
  <testcase classname="com.Swagger_Document.Sample" name="getAddress" time="1.351"/>
</testsuite> <!-- Default test -->
