<?xml version="1.0" encoding="UTF-8"?>
<testng-results ignored="0" total="9" passed="9" failed="0" skipped="0">
  <reporter-output>
  </reporter-output>
  <suite started-at="2024-04-30T04:03:40Z" name="Default suite" finished-at="2024-04-30T04:03:55Z" duration-ms="14027">
    <groups>
    </groups>
    <test started-at="2024-04-30T04:03:40Z" name="Default test" finished-at="2024-04-30T04:03:55Z" duration-ms="14027">
      <class name="com.Swagger_Document.Sample">
        <test-method signature="Login()[pri:1, instance:com.Swagger_Document.Sample@37e4d7bb]" started-at="2024-04-30T04:03:41Z" name="Login" finished-at="2024-04-30T04:03:44Z" duration-ms="3280" status="PASS">
          <reporter-output>
          </reporter-output>
        </test-method> <!-- Login -->
        <test-method signature="StateList()[pri:2, instance:com.Swagger_Document.Sample@37e4d7bb]" started-at="2024-04-30T04:03:44Z" name="StateList" finished-at="2024-04-30T04:03:45Z" duration-ms="1105" status="PASS">
          <reporter-output>
          </reporter-output>
        </test-method> <!-- StateList -->
        <test-method signature="CityList()[pri:3, instance:com.Swagger_Document.Sample@37e4d7bb]" started-at="2024-04-30T04:03:45Z" name="CityList" finished-at="2024-04-30T04:03:47Z" duration-ms="1613" status="PASS">
          <reporter-output>
          </reporter-output>
        </test-method> <!-- CityList -->
        <test-method signature="AddAddress()[pri:4, instance:com.Swagger_Document.Sample@37e4d7bb]" started-at="2024-04-30T04:03:47Z" name="AddAddress" finished-at="2024-04-30T04:03:48Z" duration-ms="1443" status="PASS">
          <reporter-output>
          </reporter-output>
        </test-method> <!-- AddAddress -->
        <test-method signature="updateAddress()[pri:5, instance:com.Swagger_Document.Sample@37e4d7bb]" started-at="2024-04-30T04:03:48Z" name="updateAddress" finished-at="2024-04-30T04:03:49Z" duration-ms="1057" status="PASS">
          <reporter-output>
          </reporter-output>
        </test-method> <!-- updateAddress -->
        <test-method signature="deleteAddress()[pri:6, instance:com.Swagger_Document.Sample@37e4d7bb]" started-at="2024-04-30T04:03:49Z" name="deleteAddress" finished-at="2024-04-30T04:03:50Z" duration-ms="1172" status="PASS">
          <reporter-output>
          </reporter-output>
        </test-method> <!-- deleteAddress -->
        <test-method signature="changeProfilePhoto()[pri:7, instance:com.Swagger_Document.Sample@37e4d7bb]" started-at="2024-04-30T04:03:50Z" name="changeProfilePhoto" finished-at="2024-04-30T04:03:52Z" duration-ms="1651" status="PASS">
          <reporter-output>
          </reporter-output>
        </test-method> <!-- changeProfilePhoto -->
        <test-method signature="serachProduct()[pri:8, instance:com.Swagger_Document.Sample@37e4d7bb]" started-at="2024-04-30T04:03:52Z" name="serachProduct" finished-at="2024-04-30T04:03:53Z" duration-ms="1310" status="PASS">
          <reporter-output>
          </reporter-output>
        </test-method> <!-- serachProduct -->
        <test-method signature="getAddress()[pri:9, instance:com.Swagger_Document.Sample@37e4d7bb]" started-at="2024-04-30T04:03:53Z" name="getAddress" finished-at="2024-04-30T04:03:55Z" duration-ms="1351" status="PASS">
          <reporter-output>
          </reporter-output>
        </test-method> <!-- getAddress -->
      </class> <!-- com.Swagger_Document.Sample -->
    </test> <!-- Default test -->
  </suite> <!-- Default suite -->
</testng-results>
