<?xml version="1.0" encoding="UTF-8"?>
<!-- Generated by org.testng.reporters.JUnitXMLReporter -->
<testsuite ignored="0" hostname="LAPTOP-ENMHPA16" failures="0" tests="7" name="test" time="0.054" errors="0" timestamp="29 Mar 2024 08:32:08 GMT">
  <testcase classname="org.parall_execution_methodleve.sample" name="tc3" time="0.015"/>
  <testcase classname="org.parall_execution_methodleve.sample" name="tc" time="0.015"/>
  <testcase classname="org.parall_execution_methodleve.sample" name="tc5" time="0.015"/>
  <testcase classname="org.parall_execution_methodleve.sample" name="tc7" time="0.016"/>
  <testcase classname="org.parall_execution_methodleve.sample" name="tc4" time="0.015"/>
  <testcase classname="org.parall_execution_methodleve.sample" name="tc2" time="0.016"/>
  <testcase classname="org.parall_execution_methodleve.sample" name="tc6" time="0.015"/>
</testsuite> <!-- test -->
